\BOOKMARK [1][-]{section.1}{\376\377\000I\000n\000t\000r\000o\000d\000u\000z\000i\000o\000n\000e}{}% 1
\BOOKMARK [2][-]{subsection.1.1}{\376\377\000E\000l\000e\000n\000c\000o\000\040\000a\000r\000g\000o\000m\000e\000n\000t\000i\000\040\000d\000i\000\040\000i\000n\000t\000e\000r\000e\000s\000s\000e}{section.1}% 2
\BOOKMARK [1][-]{section.2}{\376\377\000P\000r\000e\000p\000r\000o\000c\000e\000s\000s\000i\000n\000g\000\040\000d\000e\000i\000\040\000d\000a\000t\000i}{}% 3
\BOOKMARK [1][-]{section.3}{\376\377\000A\000p\000p\000r\000e\000n\000d\000i\000m\000e\000n\000t\000o\000\040\000S\000u\000p\000e\000r\000v\000i\000s\000i\000o\000n\000a\000t\000o}{}% 4
\BOOKMARK [2][-]{subsection.3.1}{\376\377\000M\000o\000d\000e\000l\000l\000i\000\040\000e\000\040\000m\000e\000t\000o\000d\000o\000l\000o\000g\000i\000e\000\040\000u\000t\000i\000l\000i\000z\000z\000a\000t\000e}{section.3}% 5
\BOOKMARK [2][-]{subsection.3.2}{\376\377\000P\000r\000i\000m\000o\000\040\000e\000s\000p\000e\000r\000i\000m\000e\000n\000t\000o}{section.3}% 6
\BOOKMARK [2][-]{subsection.3.3}{\376\377\000S\000e\000c\000o\000n\000d\000o\000\040\000e\000s\000p\000e\000r\000i\000m\000e\000n\000t\000o\000:\000\040\000c\000l\000a\000s\000s\000\040\000w\000e\000i\000g\000h\000t\000s\000\040\000v\000s\000\040\000B\000a\000l\000a\000n\000c\000e\000d\000R\000F}{section.3}% 7
\BOOKMARK [2][-]{subsection.3.4}{\376\377\000T\000e\000r\000z\000o\000\040\000e\000s\000p\000e\000r\000i\000m\000e\000n\000t\000o\000:\000\040\000o\000v\000e\000r\000s\000a\000m\000p\000l\000i\000n\000g}{section.3}% 8
\BOOKMARK [3][-]{subsubsection.3.4.1}{\376\377\000S\000M\000O\000T\000E}{subsection.3.4}% 9
\BOOKMARK [3][-]{subsubsection.3.4.2}{\376\377\000A\000D\000A\000S\000Y\000N}{subsection.3.4}% 10
\BOOKMARK [2][-]{subsection.3.5}{\376\377\000Q\000u\000a\000r\000t\000o\000\040\000e\000s\000p\000e\000r\000i\000m\000e\000n\000t\000o\000:\000\040\000t\000e\000c\000n\000i\000c\000h\000e\000\040\000m\000i\000s\000t\000e}{section.3}% 11
\BOOKMARK [3][-]{subsubsection.3.5.1}{\376\377\000S\000M\000O\000T\000E\000T\000o\000m\000e\000k}{subsection.3.5}% 12
\BOOKMARK [3][-]{subsubsection.3.5.2}{\376\377\000S\000M\000O\000T\000E\000E\000N\000N}{subsection.3.5}% 13
\BOOKMARK [2][-]{subsection.3.6}{\376\377\000S\000o\000m\000m\000a\000r\000i\000o}{section.3}% 14
\BOOKMARK [1][-]{section.4}{\376\377\000R\000a\000g\000i\000o\000n\000a\000m\000e\000n\000t\000o\000\040\000p\000r\000o\000b\000a\000b\000i\000l\000i\000s\000t\000i\000c\000o\000\040\000e\000\040\000B\000a\000y\000e\000s\000i\000a\000n\000\040\000N\000e\000t\000w\000o\000r\000k}{}% 15
\BOOKMARK [2][-]{subsection.4.1}{\376\377\000A\000p\000p\000r\000e\000n\000d\000i\000m\000e\000n\000t\000o\000\040\000d\000e\000l\000l\000a\000\040\000s\000t\000r\000u\000t\000t\000u\000r\000a}{section.4}% 16
\BOOKMARK [2][-]{subsection.4.2}{\376\377\000G\000e\000n\000e\000r\000a\000z\000i\000o\000n\000e\000\040\000d\000i\000\040\000s\000a\000m\000p\000l\000e}{section.4}% 17
\BOOKMARK [2][-]{subsection.4.3}{\376\377\000G\000e\000s\000t\000i\000o\000n\000e\000\040\000d\000i\000\040\000d\000a\000t\000i\000\040\000m\000a\000n\000c\000a\000n\000t\000i}{section.4}% 18
\BOOKMARK [2][-]{subsection.4.4}{\376\377\000Q\000u\000e\000r\000y\000\040\000d\000i\000\040\000e\000s\000e\000m\000p\000i\000o}{section.4}% 19
\BOOKMARK [1][-]{section.5}{\376\377\000C\000o\000n\000c\000l\000u\000s\000i\000o\000n\000i\000\040\000e\000\040\000S\000v\000i\000l\000u\000p\000p\000i\000\040\000f\000u\000t\000u\000r\000i}{}% 20
